<?xml version="1.0" encoding="UTF-8"?>
<!-- Generated by org.testng.reporters.JUnitReportReporter -->
<testsuite hostname="DESKTOP-KL5K9R1" failures="0" tests="2" name="com.automation.Frameworks.TC_001_CreateRecord4" time="84.885" errors="0" timestamp="2023-02-08T13:56:46 EST" skipped="0">
  <testcase classname="com.automation.Frameworks.TC_001_CreateRecord4" name="createRecord" time="35.728"/>
  <system-out>
    <![CDATA[100JJ6]]>
  </system-out>
  <testcase classname="com.automation.Frameworks.TC_001_CreateRecord4" name="createRecord" time="49.157"/>
  <system-out>
    <![CDATA[100JH8]]>
  </system-out>
</testsuite> <!-- com.automation.Frameworks.TC_001_CreateRecord4 -->
