<?xml version="1.0" encoding="UTF-8"?>
<!-- Generated by org.testng.reporters.JUnitReportReporter -->
<testsuite hostname="DESKTOP-KL5K9R1" failures="0" tests="1" name="com.automation.POM.TC_001_CreateRecord_1" time="56.452" errors="0" timestamp="2023-02-14T11:02:43 EST" skipped="0">
  <testcase classname="com.automation.POM.TC_001_CreateRecord_1" name="createRecord" time="56.452"/>
  <system-out>
    <![CDATA[100J6Y]]>
  </system-out>
</testsuite> <!-- com.automation.POM.TC_001_CreateRecord_1 -->
