<?xml version="1.0" encoding="UTF-8"?>
<!-- Generated by org.testng.reporters.JUnitReportReporter -->
<testsuite hostname="DESKTOP-KL5K9R1" failures="0" tests="2" name="com.automation.POM.TC_001_CreateRecord_2" time="51.328" errors="0" timestamp="2023-02-14T13:31:41 EST" skipped="0">
  <testcase classname="com.automation.POM.TC_001_CreateRecord_2" name="createRecord" time="21.389"/>
  <system-out>
    <![CDATA[100JYD]]>
  </system-out>
  <testcase classname="com.automation.POM.TC_001_CreateRecord_2" name="createRecord" time="29.939"/>
  <system-out>
    <![CDATA[100JXF]]>
  </system-out>
</testsuite> <!-- com.automation.POM.TC_001_CreateRecord_2 -->
