<?xml version="1.0" encoding="UTF-8"?>
<!-- Generated by org.testng.reporters.JUnitReportReporter -->
<testsuite hostname="DESKTOP-KL5K9R1" failures="0" tests="1" name="com.automation.TestNG.WithTestNGRemoveAddToCart3" time="11.669" errors="0" timestamp="2023-01-19T09:02:27 EST" skipped="0">
  <testcase classname="com.automation.TestNG.WithTestNGRemoveAddToCart3" name="AddToCart" time="11.669"/>
  <system-out/>
</testsuite> <!-- com.automation.TestNG.WithTestNGRemoveAddToCart3 -->
