<?xml version="1.0" encoding="UTF-8"?>
<!-- Generated by org.testng.reporters.JUnitReportReporter -->
<testsuite hostname="DESKTOP-KL5K9R1" failures="0" tests="2" name="com.automation.TestNG.WithTestNGAddToCart" time="27.127" errors="0" timestamp="2023-01-19T00:51:05 EST" skipped="0">
  <testcase classname="com.automation.TestNG.WithTestNGAddToCart" name="AddToCart" time="10.119"/>
  <system-out/>
  <testcase classname="com.automation.TestNG.WithTestNGAddToCart" name="AddToCart" time="17.008"/>
  <system-out/>
</testsuite> <!-- com.automation.TestNG.WithTestNGAddToCart -->
