<?xml version="1.0" encoding="UTF-8"?>
<!-- Generated by org.testng.reporters.JUnitReportReporter -->
<testsuite hostname="DESKTOP-KL5K9R1" failures="0" tests="2" name="com.automation.Frameworks.TC_001_CreateRecord2" time="211.435" errors="0" timestamp="2023-02-08T11:20:57 EST" skipped="0">
  <testcase classname="com.automation.Frameworks.TC_001_CreateRecord2" name="createRecord" time="163.637"/>
  <system-out>
    <![CDATA[100J0C]]>
  </system-out>
  <testcase classname="com.automation.Frameworks.TC_001_CreateRecord2" name="createRecord" time="47.798"/>
  <system-out>
    <![CDATA[100J19]]>
  </system-out>
</testsuite> <!-- com.automation.Frameworks.TC_001_CreateRecord2 -->
