<?xml version="1.0" encoding="UTF-8"?>
<!-- Generated by org.testng.reporters.JUnitReportReporter -->
<testsuite hostname="DESKTOP-KL5K9R1" failures="0" tests="1" name="com.automation.TestNG_Assertions.TestScript1" time="9.714" errors="0" timestamp="2023-01-19T11:22:02 EST" skipped="0">
  <testcase classname="com.automation.TestNG_Assertions.TestScript1" name="verifytitle" time="9.714"/>
  <system-out/>
</testsuite> <!-- com.automation.TestNG_Assertions.TestScript1 -->
