<?xml version="1.0" encoding="UTF-8"?>
<!-- Generated by org.testng.reporters.JUnitReportReporter -->
<testsuite hostname="DESKTOP-KL5K9R1" failures="0" tests="1" name="com.automation.POM.TC_001_CreateRecord" time="58.138" errors="0" timestamp="2023-02-14T10:49:53 EST" skipped="0">
  <testcase classname="com.automation.POM.TC_001_CreateRecord" name="createRecord" time="58.138"/>
  <system-out>
    <![CDATA[100J27]]>
  </system-out>
</testsuite> <!-- com.automation.POM.TC_001_CreateRecord -->
