<?xml version="1.0" encoding="UTF-8"?>
<!-- Generated by org.testng.reporters.JUnitReportReporter -->
<testsuite hostname="DESKTOP-KL5K9R1" failures="0" tests="6" name="com.automation.KeyWordDrivenFramework.DriverScript_2" time="7.779" errors="0" timestamp="2023-02-15T07:02:31 EST" skipped="0">
  <testcase classname="com.automation.KeyWordDrivenFramework.DriverScript_2" name="execute" time="0.098"/>
  <system-out/>
  <testcase classname="com.automation.KeyWordDrivenFramework.DriverScript_2" name="execute" time="0.145"/>
  <system-out/>
  <testcase classname="com.automation.KeyWordDrivenFramework.DriverScript_2" name="execute" time="2.583"/>
  <system-out/>
  <testcase classname="com.automation.KeyWordDrivenFramework.DriverScript_2" name="execute" time="0.844"/>
  <system-out/>
  <testcase classname="com.automation.KeyWordDrivenFramework.DriverScript_2" name="execute" time="3.967"/>
  <system-out/>
  <testcase classname="com.automation.KeyWordDrivenFramework.DriverScript_2" name="execute" time="0.142"/>
  <system-out/>
</testsuite> <!-- com.automation.KeyWordDrivenFramework.DriverScript_2 -->
