<?xml version="1.0" encoding="UTF-8"?>
<!-- Generated by org.testng.reporters.JUnitReportReporter -->
<testsuite hostname="DESKTOP-KL5K9R1" failures="0" tests="1" name="com.automation.TestNG.WithTestNGAddToCart2" time="6.230" errors="0" timestamp="2023-01-19T09:06:30 EST" skipped="0">
  <testcase classname="com.automation.TestNG.WithTestNGAddToCart2" name="AddToCart" time="6.230"/>
  <system-out/>
</testsuite> <!-- com.automation.TestNG.WithTestNGAddToCart2 -->
