<?xml version="1.0" encoding="UTF-8"?>
<!-- Generated by org.testng.reporters.JUnitReportReporter -->
<testsuite hostname="DESKTOP-KL5K9R1" failures="0" tests="1" name="com.automation.TestNG_Assertions.HardAssert.TestScript1" time="8.853" errors="0" timestamp="2023-01-19T11:23:51 EST" skipped="0">
  <testcase classname="com.automation.TestNG_Assertions.HardAssert.TestScript1" name="verifytitle" time="8.853"/>
  <system-out/>
</testsuite> <!-- com.automation.TestNG_Assertions.HardAssert.TestScript1 -->
