<?xml version="1.0" encoding="UTF-8"?>
<!-- Generated by org.testng.reporters.JUnitReportReporter -->
<testsuite hostname="DESKTOP-KL5K9R1" failures="0" tests="2" name="com.automation.TestNG_Parametrization.Test" time="27.219" errors="0" timestamp="2023-02-03T23:57:45 EST" skipped="0">
  <testcase classname="com.automation.TestNG_Parametrization.Test" name="TC1" time="13.552"/>
  <system-out/>
  <testcase classname="com.automation.TestNG_Parametrization.Test" name="TC1" time="13.667"/>
  <system-out/>
</testsuite> <!-- com.automation.TestNG_Parametrization.Test -->
