<?xml version="1.0" encoding="UTF-8"?>
<!-- Generated by org.testng.reporters.JUnitReportReporter -->
<testsuite hostname="DESKTOP-KL5K9R1" failures="0" tests="6" name="com.automation.KeyWordDrivenFramework.DriverScript" time="4.945" errors="0" timestamp="2023-02-15T06:28:36 EST" skipped="0">
  <testcase classname="com.automation.KeyWordDrivenFramework.DriverScript" name="execute" time="2.160"/>
  <system-out/>
  <testcase classname="com.automation.KeyWordDrivenFramework.DriverScript" name="execute" time="0.859"/>
  <system-out/>
  <testcase classname="com.automation.KeyWordDrivenFramework.DriverScript" name="execute" time="0.149"/>
  <system-out/>
  <testcase classname="com.automation.KeyWordDrivenFramework.DriverScript" name="execute" time="0.152"/>
  <system-out/>
  <testcase classname="com.automation.KeyWordDrivenFramework.DriverScript" name="execute" time="0.106"/>
  <system-out/>
  <testcase classname="com.automation.KeyWordDrivenFramework.DriverScript" name="execute" time="1.519"/>
  <system-out/>
</testsuite> <!-- com.automation.KeyWordDrivenFramework.DriverScript -->
