<?xml version="1.0" encoding="UTF-8"?>
<!-- Generated by org.testng.reporters.JUnitReportReporter -->
<testsuite hostname="DESKTOP-KL5K9R1" failures="0" tests="1" name="com.automation.TestNG.WithTestNGAddToCart3" time="4.876" errors="0" timestamp="2023-01-19T01:29:52 EST" skipped="0">
  <testcase classname="com.automation.TestNG.WithTestNGAddToCart3" name="AddToCart" time="4.876"/>
  <system-out/>
</testsuite> <!-- com.automation.TestNG.WithTestNGAddToCart3 -->
