<?xml version="1.0" encoding="UTF-8"?>
<!-- Generated by org.testng.reporters.JUnitReportReporter -->
<testsuite hostname="DESKTOP-KL5K9R1" failures="0" tests="1" name="com.automation.TestNG_Assertions.SoftAssert.TestScript1" time="8.230" errors="0" timestamp="2023-02-03T03:51:04 EST" skipped="0">
  <testcase classname="com.automation.TestNG_Assertions.SoftAssert.TestScript1" name="verifytitle" time="8.230"/>
  <system-out/>
</testsuite> <!-- com.automation.TestNG_Assertions.SoftAssert.TestScript1 -->
