<?xml version="1.0" encoding="UTF-8"?>
<!-- Generated by org.testng.reporters.JUnitReportReporter -->
<testsuite hostname="DESKTOP-KL5K9R1" failures="0" tests="1" name="com.automation.KeyWordDrivenFramework.DriverScipt" time="0.010" errors="0" timestamp="2023-02-15T05:45:22 EST" skipped="0">
  <testcase classname="com.automation.KeyWordDrivenFramework.DriverScipt" name="execute" time="0.010"/>
  <system-out/>
</testsuite> <!-- com.automation.KeyWordDrivenFramework.DriverScipt -->
