<?xml version="1.0" encoding="UTF-8"?>
<!-- Generated by org.testng.reporters.JUnitReportReporter -->
<testsuite hostname="DESKTOP-KL5K9R1" failures="0" tests="2" name="com.automation.Frameworks.TC_001_CreateRecord3" time="218.736" errors="0" timestamp="2023-02-08T12:47:33 EST" skipped="0">
  <testcase classname="com.automation.Frameworks.TC_001_CreateRecord3" name="createRecord" time="190.273"/>
  <system-out>
    <![CDATA[100J6Y]]>
  </system-out>
  <testcase classname="com.automation.Frameworks.TC_001_CreateRecord3" name="createRecord" time="28.463"/>
  <system-out>
    <![CDATA[100J7W]]>
  </system-out>
</testsuite> <!-- com.automation.Frameworks.TC_001_CreateRecord3 -->
