<?xml version="1.0" encoding="UTF-8"?>
<!-- Generated by org.testng.reporters.JUnitReportReporter -->
<testsuite hostname="DESKTOP-KL5K9R1" failures="0" tests="6" name="com.automation.KeyWordDrivenFramework.DriverScript_3" time="5.466" errors="0" timestamp="2023-02-15T07:57:17 EST" skipped="0">
  <testcase classname="com.automation.KeyWordDrivenFramework.DriverScript_3" name="execute" time="0.101"/>
  <system-out/>
  <testcase classname="com.automation.KeyWordDrivenFramework.DriverScript_3" name="execute" time="0.144"/>
  <system-out/>
  <testcase classname="com.automation.KeyWordDrivenFramework.DriverScript_3" name="execute" time="0.190"/>
  <system-out/>
  <testcase classname="com.automation.KeyWordDrivenFramework.DriverScript_3" name="execute" time="0.763"/>
  <system-out/>
  <testcase classname="com.automation.KeyWordDrivenFramework.DriverScript_3" name="execute" time="1.456"/>
  <system-out/>
  <testcase classname="com.automation.KeyWordDrivenFramework.DriverScript_3" name="execute" time="2.812"/>
  <system-out/>
</testsuite> <!-- com.automation.KeyWordDrivenFramework.DriverScript_3 -->
