<?xml version="1.0" encoding="UTF-8"?>
<!-- Generated by org.testng.reporters.JUnitReportReporter -->
<testsuite hostname="DESKTOP-KL5K9R1" failures="0" tests="2" name="com.automation.TestNG.WithTestNGCombinedARToCart" time="9.902" errors="0" timestamp="2023-01-19T10:24:16 EST" skipped="0">
  <testcase classname="com.automation.TestNG.WithTestNGCombinedARToCart" name="AddToCart" time="4.940"/>
  <system-out/>
  <testcase classname="com.automation.TestNG.WithTestNGCombinedARToCart" name="RemoveAddToCart" time="4.962"/>
  <system-out/>
</testsuite> <!-- com.automation.TestNG.WithTestNGCombinedARToCart -->
